Info: Starting: Create block symbol file (.bsf)
Info: ip-generate --project-directory=C:/altera/13.0sp1/PBLV1000/ --output-directory=C:/altera/13.0sp1/PBLV1000/nios/ --report-file=bsf:C:/altera/13.0sp1/PBLV1000/nios.bsf --system-info=DEVICE_FAMILY="Cyclone IV E" --system-info=DEVICE=EP4CE30F23C7 --system-info=DEVICE_SPEEDGRADE=7 --component-file=C:/altera/13.0sp1/PBLV1000/nios.qsys
Progress: Loading PBLV1000/nios.qsys
Progress: Reading input file
Progress: Adding clk_0 [clock_source 13.0]
Progress: Parameterizing module clk_0
Progress: Adding nios2_qsys_0 [altera_nios2_qsys 13.0]
Progress: Parameterizing module nios2_qsys_0
Progress: Adding onchip_memory2_0 [altera_avalon_onchip_memory2 13.0.1.99.2]
Progress: Parameterizing module onchip_memory2_0
Progress: Adding jtag_uart_0 [altera_avalon_jtag_uart 13.0.1.99.2]
Progress: Parameterizing module jtag_uart_0
Progress: Adding data [altera_avalon_pio 13.0.1.99.2]
Progress: Parameterizing module data
Progress: Adding wraddress [altera_avalon_pio 13.0.1.99.2]
Progress: Parameterizing module wraddress
Progress: Adding wren [altera_avalon_pio 13.0.1.99.2]
Progress: Parameterizing module wren
Progress: Adding enable_start [altera_avalon_pio 13.0.1.99.2]
Progress: Parameterizing module enable_start
Progress: Adding q_in [altera_avalon_pio 13.0.1.99.2]
Progress: Parameterizing module q_in
Progress: Adding rdaddress [altera_avalon_pio 13.0.1.99.2]
Progress: Parameterizing module rdaddress
Progress: Adding enable_read [altera_avalon_pio 13.0.1.99.2]
Progress: Parameterizing module enable_read
Progress: Adding q_out [altera_avalon_pio 13.0.1.99.2]
Progress: Parameterizing module q_out
Progress: Adding wraddress_vga [altera_avalon_pio 13.0.1.99.2]
Progress: Parameterizing module wraddress_vga
Progress: Adding enable_write_vga [altera_avalon_pio 13.0.1.99.2]
Progress: Parameterizing module enable_write_vga
Progress: Adding enable_vga [altera_avalon_pio 13.0.1.99.2]
Progress: Parameterizing module enable_vga
Progress: Building connections
Progress: Parameterizing connections
Progress: Validating
Progress: Done reading input file
Info: nios.q_in: PIO inputs are not hardwired in test bench. Undefined values will be read from PIO inputs during simulation.
Info: nios.enable_read: PIO inputs are not hardwired in test bench. Undefined values will be read from PIO inputs during simulation.
Warning: nios.jtag_uart_0: Interrupt sender jtag_uart_0.irq is not connected to an interrupt receiver
Info: ip-generate succeeded.
Info: Finished: Create block symbol file (.bsf)
Info: 
Info: Starting: Create HDL design files for synthesis
Info: ip-generate --project-directory=C:/altera/13.0sp1/PBLV1000/ --output-directory=C:/altera/13.0sp1/PBLV1000/nios/synthesis/ --file-set=QUARTUS_SYNTH --report-file=sopcinfo:C:/altera/13.0sp1/PBLV1000/nios.sopcinfo --report-file=html:C:/altera/13.0sp1/PBLV1000/nios.html --report-file=qip:C:/altera/13.0sp1/PBLV1000/nios/synthesis/nios.qip --report-file=cmp:C:/altera/13.0sp1/PBLV1000/nios.cmp --report-file=svd --system-info=DEVICE_FAMILY="Cyclone IV E" --system-info=DEVICE=EP4CE30F23C7 --system-info=DEVICE_SPEEDGRADE=7 --component-file=C:/altera/13.0sp1/PBLV1000/nios.qsys --language=VERILOG
Progress: Loading PBLV1000/nios.qsys
Progress: Reading input file
Progress: Adding clk_0 [clock_source 13.0]
Progress: Parameterizing module clk_0
Progress: Adding nios2_qsys_0 [altera_nios2_qsys 13.0]
Progress: Parameterizing module nios2_qsys_0
Progress: Adding onchip_memory2_0 [altera_avalon_onchip_memory2 13.0.1.99.2]
Progress: Parameterizing module onchip_memory2_0
Progress: Adding jtag_uart_0 [altera_avalon_jtag_uart 13.0.1.99.2]
Progress: Parameterizing module jtag_uart_0
Progress: Adding data [altera_avalon_pio 13.0.1.99.2]
Progress: Parameterizing module data
Progress: Adding wraddress [altera_avalon_pio 13.0.1.99.2]
Progress: Parameterizing module wraddress
Progress: Adding wren [altera_avalon_pio 13.0.1.99.2]
Progress: Parameterizing module wren
Progress: Adding enable_start [altera_avalon_pio 13.0.1.99.2]
Progress: Parameterizing module enable_start
Progress: Adding q_in [altera_avalon_pio 13.0.1.99.2]
Progress: Parameterizing module q_in
Progress: Adding rdaddress [altera_avalon_pio 13.0.1.99.2]
Progress: Parameterizing module rdaddress
Progress: Adding enable_read [altera_avalon_pio 13.0.1.99.2]
Progress: Parameterizing module enable_read
Progress: Adding q_out [altera_avalon_pio 13.0.1.99.2]
Progress: Parameterizing module q_out
Progress: Adding wraddress_vga [altera_avalon_pio 13.0.1.99.2]
Progress: Parameterizing module wraddress_vga
Progress: Adding enable_write_vga [altera_avalon_pio 13.0.1.99.2]
Progress: Parameterizing module enable_write_vga
Progress: Adding enable_vga [altera_avalon_pio 13.0.1.99.2]
Progress: Parameterizing module enable_vga
Progress: Building connections
Progress: Parameterizing connections
Progress: Validating
Progress: Done reading input file
Info: nios.q_in: PIO inputs are not hardwired in test bench. Undefined values will be read from PIO inputs during simulation.
Info: nios.enable_read: PIO inputs are not hardwired in test bench. Undefined values will be read from PIO inputs during simulation.
Warning: nios.jtag_uart_0: Interrupt sender jtag_uart_0.irq is not connected to an interrupt receiver
Info: nios: Generating nios "nios" for QUARTUS_SYNTH
Info: pipeline_bridge_swap_transform: After transform: 15 modules, 56 connections
Info: No custom instruction connections, skipping transform 
Info: merlin_translator_transform: After transform: 31 modules, 104 connections
Info: merlin_domain_transform: After transform: 62 modules, 258 connections
Info: merlin_router_transform: After transform: 78 modules, 306 connections
Info: reset_adaptation_transform: After transform: 79 modules, 308 connections
Info: merlin_network_to_switch_transform: After transform: 110 modules, 396 connections
Info: merlin_mm_transform: After transform: 110 modules, 396 connections
Info: merlin_interrupt_mapper_transform: After transform: 111 modules, 399 connections
Warning: nios: "No matching role found for rst_controller:reset_out:reset_req (reset_req)"
Warning: nios: "No matching role found for rst_controller:reset_out:reset_req (reset_req)"
Warning: nios: "No matching role found for rst_controller:reset_out:reset_req (reset_req)"
Warning: nios: "No matching role found for rst_controller:reset_out:reset_req (reset_req)"
Warning: nios: "No matching role found for rst_controller:reset_out:reset_req (reset_req)"
Warning: nios: "No matching role found for rst_controller:reset_out:reset_req (reset_req)"
Warning: nios: "No matching role found for rst_controller:reset_out:reset_req (reset_req)"
Warning: nios: "No matching role found for rst_controller:reset_out:reset_req (reset_req)"
Warning: nios: "No matching role found for rst_controller:reset_out:reset_req (reset_req)"
Warning: nios: "No matching role found for rst_controller:reset_out:reset_req (reset_req)"
Warning: nios: "No matching role found for rst_controller:reset_out:reset_req (reset_req)"
Warning: nios: "No matching role found for rst_controller:reset_out:reset_req (reset_req)"
Warning: nios: "No matching role found for rst_controller:reset_out:reset_req (reset_req)"
Warning: nios: "No matching role found for rst_controller:reset_out:reset_req (reset_req)"
Warning: nios: "No matching role found for rst_controller:reset_out:reset_req (reset_req)"
Warning: nios: "No matching role found for rst_controller:reset_out:reset_req (reset_req)"
Warning: nios: "No matching role found for rst_controller:reset_out:reset_req (reset_req)"
Warning: nios: "No matching role found for rst_controller:reset_out:reset_req (reset_req)"
Warning: nios: "No matching role found for rst_controller:reset_out:reset_req (reset_req)"
Warning: nios: "No matching role found for rst_controller:reset_out:reset_req (reset_req)"
Warning: nios: "No matching role found for rst_controller:reset_out:reset_req (reset_req)"
Warning: nios: "No matching role found for rst_controller:reset_out:reset_req (reset_req)"
Warning: nios: "No matching role found for rst_controller:reset_out:reset_req (reset_req)"
Warning: nios: "No matching role found for rst_controller:reset_out:reset_req (reset_req)"
Warning: nios: "No matching role found for rst_controller:reset_out:reset_req (reset_req)"
Warning: nios: "No matching role found for rst_controller:reset_out:reset_req (reset_req)"
Warning: nios: "No matching role found for rst_controller:reset_out:reset_req (reset_req)"
Warning: nios: "No matching role found for rst_controller:reset_out:reset_req (reset_req)"
Warning: nios: "No matching role found for rst_controller:reset_out:reset_req (reset_req)"
Warning: nios: "No matching role found for rst_controller:reset_out:reset_req (reset_req)"
Warning: nios: "No matching role found for rst_controller:reset_out:reset_req (reset_req)"
Warning: nios: "No matching role found for rst_controller:reset_out:reset_req (reset_req)"
Warning: nios: "No matching role found for rst_controller:reset_out:reset_req (reset_req)"
Warning: nios: "No matching role found for rst_controller:reset_out:reset_req (reset_req)"
Warning: nios: "No matching role found for rst_controller:reset_out:reset_req (reset_req)"
Warning: nios: "No matching role found for rst_controller:reset_out:reset_req (reset_req)"
Warning: nios: "No matching role found for rst_controller:reset_out:reset_req (reset_req)"
Warning: nios: "No matching role found for rst_controller:reset_out:reset_req (reset_req)"
Warning: nios: "No matching role found for rst_controller:reset_out:reset_req (reset_req)"
Warning: nios: "No matching role found for rst_controller:reset_out:reset_req (reset_req)"
Warning: nios: "No matching role found for rst_controller:reset_out:reset_req (reset_req)"
Warning: nios: "No matching role found for rst_controller:reset_out:reset_req (reset_req)"
Warning: nios: "No matching role found for rst_controller:reset_out:reset_req (reset_req)"
Warning: nios: "No matching role found for rst_controller:reset_out:reset_req (reset_req)"
Warning: nios: "No matching role found for rst_controller:reset_out:reset_req (reset_req)"
Warning: nios: "No matching role found for rst_controller:reset_out:reset_req (reset_req)"
Warning: nios: "No matching role found for rst_controller:reset_out:reset_req (reset_req)"
Warning: nios: "No matching role found for rst_controller:reset_out:reset_req (reset_req)"
Warning: nios: "No matching role found for rst_controller:reset_out:reset_req (reset_req)"
Warning: nios: "No matching role found for rst_controller:reset_out:reset_req (reset_req)"
Warning: nios: "No matching role found for rst_controller:reset_out:reset_req (reset_req)"
Warning: nios: "No matching role found for rst_controller:reset_out:reset_req (reset_req)"
Warning: nios: "No matching role found for rst_controller:reset_out:reset_req (reset_req)"
Warning: nios: "No matching role found for rst_controller:reset_out:reset_req (reset_req)"
Warning: nios: "No matching role found for rst_controller:reset_out:reset_req (reset_req)"
Warning: nios: "No matching role found for rst_controller:reset_out:reset_req (reset_req)"
Warning: nios: "No matching role found for rst_controller:reset_out:reset_req (reset_req)"
Warning: nios: "No matching role found for rst_controller:reset_out:reset_req (reset_req)"
Warning: nios: "No matching role found for rst_controller:reset_out:reset_req (reset_req)"
Warning: nios: "No matching role found for rst_controller:reset_out:reset_req (reset_req)"
Warning: nios: "No matching role found for rst_controller:reset_out:reset_req (reset_req)"
Warning: nios: "No matching role found for rst_controller:reset_out:reset_req (reset_req)"
Warning: nios: "No matching role found for rst_controller:reset_out:reset_req (reset_req)"
Warning: nios: "No matching role found for rst_controller:reset_out:reset_req (reset_req)"
Warning: nios: "No matching role found for rst_controller:reset_out:reset_req (reset_req)"
Warning: nios: "No matching role found for rst_controller:reset_out:reset_req (reset_req)"
Warning: nios: "No matching role found for rst_controller:reset_out:reset_req (reset_req)"
Warning: nios: "No matching role found for rst_controller:reset_out:reset_req (reset_req)"
Warning: nios: "No matching role found for rst_controller:reset_out:reset_req (reset_req)"
Warning: nios: "No matching role found for rst_controller:reset_out:reset_req (reset_req)"
Warning: nios: "No matching role found for rst_controller:reset_out:reset_req (reset_req)"
Warning: nios: "No matching role found for rst_controller:reset_out:reset_req (reset_req)"
Warning: nios: "No matching role found for rst_controller:reset_out:reset_req (reset_req)"
Warning: nios: "No matching role found for rst_controller:reset_out:reset_req (reset_req)"
Warning: nios: "No matching role found for rst_controller:reset_out:reset_req (reset_req)"
Warning: nios: "No matching role found for rst_controller:reset_out:reset_req (reset_req)"
Warning: nios: "No matching role found for rst_controller:reset_out:reset_req (reset_req)"
Warning: nios: "No matching role found for rst_controller:reset_out:reset_req (reset_req)"
Warning: nios: "No matching role found for rst_controller:reset_out:reset_req (reset_req)"
Warning: nios: "No matching role found for rst_controller:reset_out:reset_req (reset_req)"
Warning: nios: "No matching role found for rst_controller:reset_out:reset_req (reset_req)"
Warning: nios: "No matching role found for rst_controller:reset_out:reset_req (reset_req)"
Warning: nios: "No matching role found for rst_controller:reset_out:reset_req (reset_req)"
Warning: nios: "No matching role found for rst_controller:reset_out:reset_req (reset_req)"
Warning: nios: "No matching role found for rst_controller:reset_out:reset_req (reset_req)"
Warning: nios: "No matching role found for rst_controller:reset_out:reset_req (reset_req)"
Warning: nios: "No matching role found for rst_controller:reset_out:reset_req (reset_req)"
Warning: nios: "No matching role found for rst_controller:reset_out:reset_req (reset_req)"
Warning: nios: "No matching role found for rst_controller:reset_out:reset_req (reset_req)"
Warning: nios: "No matching role found for rst_controller:reset_out:reset_req (reset_req)"
Warning: nios: "No matching role found for rst_controller:reset_out:reset_req (reset_req)"
Warning: nios: "No matching role found for rst_controller:reset_out:reset_req (reset_req)"
Warning: nios: "No matching role found for rst_controller:reset_out:reset_req (reset_req)"
Warning: nios: "No matching role found for rst_controller:reset_out:reset_req (reset_req)"
Warning: nios: "No matching role found for rst_controller:reset_out:reset_req (reset_req)"
Warning: nios: "No matching role found for rst_controller:reset_out:reset_req (reset_req)"
Warning: nios: "No matching role found for rst_controller:reset_out:reset_req (reset_req)"
Warning: nios: "No matching role found for rst_controller:reset_out:reset_req (reset_req)"
Warning: nios: "No matching role found for rst_controller:reset_out:reset_req (reset_req)"
Warning: nios: "No matching role found for rst_controller:reset_out:reset_req (reset_req)"
Warning: nios: "No matching role found for rst_controller:reset_out:reset_req (reset_req)"
Warning: nios: "No matching role found for rst_controller:reset_out:reset_req (reset_req)"
Warning: nios: "No matching role found for rst_controller:reset_out:reset_req (reset_req)"
Warning: nios: "No matching role found for rst_controller:reset_out:reset_req (reset_req)"
Warning: nios: "No matching role found for rst_controller:reset_out:reset_req (reset_req)"
Warning: nios: "No matching role found for rst_controller:reset_out:reset_req (reset_req)"
Warning: nios: "No matching role found for rst_controller:reset_out:reset_req (reset_req)"
Warning: nios: "No matching role found for rst_controller:reset_out:reset_req (reset_req)"
Info: nios2_qsys_0: Starting RTL generation for module 'nios_nios2_qsys_0'
Info: nios2_qsys_0:   Generation command is [exec C:/altera/13.0sp1/quartus/../ip/altera/nios2_ip/altera_nios2/eperl.exe -I C:/altera/13.0sp1/quartus/common/ip/altera/common/perl/5.8.3 -I C:/altera/13.0sp1/quartus/sopc_builder/bin/europa -I C:/altera/13.0sp1/quartus/sopc_builder/bin/perl_lib -I C:/altera/13.0sp1/quartus/sopc_builder/bin -I C:/altera/13.0sp1/quartus/../ip/altera/nios2_ip/altera_nios2/cpu_lib -I C:/altera/13.0sp1/quartus/../ip/altera/nios2_ip/altera_nios2/nios_lib -I C:/altera/13.0sp1/quartus/../ip/altera/nios2_ip/altera_nios2 -I C:/altera/13.0sp1/quartus/../ip/altera/nios2_ip/altera_nios2 -- C:/altera/13.0sp1/quartus/../ip/altera/nios2_ip/altera_nios2/generate_rtl.epl --name=nios_nios2_qsys_0 --dir=C:/Users/HIGORV~1/AppData/Local/Temp/alt7750_7724645787267156539.dir/0001_nios2_qsys_0_gen/ --quartus_dir=C:/altera/13.0sp1/quartus --verilog --config=C:/Users/HIGORV~1/AppData/Local/Temp/alt7750_7724645787267156539.dir/0001_nios2_qsys_0_gen//nios_nios2_qsys_0_processor_configuration.pl  --do_build_sim=0    --bogus  ]
Info: nios2_qsys_0: # 2018.08.07 20:12:35 (*) Starting Nios II generation
Info: nios2_qsys_0: # 2018.08.07 20:12:35 (*)   Checking for plaintext license.
Info: nios2_qsys_0: # 2018.08.07 20:12:37 (*)   Couldn't query license setup in Quartus directory C:/altera/13.0sp1/quartus
Info: nios2_qsys_0: # 2018.08.07 20:12:37 (*)   Defaulting to contents of LM_LICENSE_FILE environment variable
Info: nios2_qsys_0: # 2018.08.07 20:12:37 (*)   LM_LICENSE_FILE environment variable is empty
Info: nios2_qsys_0: # 2018.08.07 20:12:37 (*)   Plaintext license not found.
Info: nios2_qsys_0: # 2018.08.07 20:12:37 (*)   No license required to generate encrypted Nios II/e.
Info: nios2_qsys_0: # 2018.08.07 20:12:37 (*)   Elaborating CPU configuration settings
Info: nios2_qsys_0: # 2018.08.07 20:12:37 (*)   Creating all objects for CPU
Info: nios2_qsys_0: # 2018.08.07 20:12:38 (*)   Generating RTL from CPU objects
Info: nios2_qsys_0: # 2018.08.07 20:12:38 (*)   Creating plain-text RTL
Info: nios2_qsys_0: # 2018.08.07 20:12:40 (*) Done Nios II generation
Info: nios2_qsys_0: Done RTL generation for module 'nios_nios2_qsys_0'
Info: nios2_qsys_0: "nios" instantiated altera_nios2_qsys "nios2_qsys_0"
Info: onchip_memory2_0: Starting RTL generation for module 'nios_onchip_memory2_0'
Info: onchip_memory2_0:   Generation command is [exec C:/altera/13.0sp1/quartus/bin/perl/bin/perl.exe -I C:/altera/13.0sp1/quartus/common/ip/altera/common/perl/5.8.3 -I C:/altera/13.0sp1/quartus/sopc_builder/bin/europa -I C:/altera/13.0sp1/quartus/sopc_builder/bin/perl_lib -I C:/altera/13.0sp1/quartus/sopc_builder/bin -I C:/altera/13.0sp1/quartus/../ip/altera/sopc_builder_ip/common -I C:/altera/13.0sp1/quartus/../ip/altera/sopc_builder_ip/altera_avalon_onchip_memory2 -- C:/altera/13.0sp1/quartus/../ip/altera/sopc_builder_ip/altera_avalon_onchip_memory2/generate_rtl.pl --name=nios_onchip_memory2_0 --dir=C:/Users/HIGORV~1/AppData/Local/Temp/alt7750_7724645787267156539.dir/0002_onchip_memory2_0_gen/ --quartus_dir=C:/altera/13.0sp1/quartus --verilog --config=C:/Users/HIGORV~1/AppData/Local/Temp/alt7750_7724645787267156539.dir/0002_onchip_memory2_0_gen//nios_onchip_memory2_0_component_configuration.pl  --do_build_sim=0  ]
Info: onchip_memory2_0: Done RTL generation for module 'nios_onchip_memory2_0'
Info: onchip_memory2_0: "nios" instantiated altera_avalon_onchip_memory2 "onchip_memory2_0"
Info: jtag_uart_0: Starting RTL generation for module 'nios_jtag_uart_0'
Info: jtag_uart_0:   Generation command is [exec C:/altera/13.0sp1/quartus/bin/perl/bin/perl.exe -I C:/altera/13.0sp1/quartus/common/ip/altera/common/perl/5.8.3 -I C:/altera/13.0sp1/quartus/sopc_builder/bin/europa -I C:/altera/13.0sp1/quartus/sopc_builder/bin/perl_lib -I C:/altera/13.0sp1/quartus/sopc_builder/bin -I C:/altera/13.0sp1/quartus/../ip/altera/sopc_builder_ip/common -I C:/altera/13.0sp1/quartus/../ip/altera/sopc_builder_ip/altera_avalon_jtag_uart -- C:/altera/13.0sp1/quartus/../ip/altera/sopc_builder_ip/altera_avalon_jtag_uart/generate_rtl.pl --name=nios_jtag_uart_0 --dir=C:/Users/HIGORV~1/AppData/Local/Temp/alt7750_7724645787267156539.dir/0003_jtag_uart_0_gen/ --quartus_dir=C:/altera/13.0sp1/quartus --verilog --config=C:/Users/HIGORV~1/AppData/Local/Temp/alt7750_7724645787267156539.dir/0003_jtag_uart_0_gen//nios_jtag_uart_0_component_configuration.pl  --do_build_sim=0  ]
Info: jtag_uart_0: Done RTL generation for module 'nios_jtag_uart_0'
Info: jtag_uart_0: "nios" instantiated altera_avalon_jtag_uart "jtag_uart_0"
Info: data: Starting RTL generation for module 'nios_data'
Info: data:   Generation command is [exec C:/altera/13.0sp1/quartus/bin/perl/bin/perl.exe -I C:/altera/13.0sp1/quartus/common/ip/altera/common/perl/5.8.3 -I C:/altera/13.0sp1/quartus/sopc_builder/bin/europa -I C:/altera/13.0sp1/quartus/sopc_builder/bin/perl_lib -I C:/altera/13.0sp1/quartus/sopc_builder/bin -I C:/altera/13.0sp1/quartus/../ip/altera/sopc_builder_ip/common -I C:/altera/13.0sp1/quartus/../ip/altera/sopc_builder_ip/altera_avalon_pio -- C:/altera/13.0sp1/quartus/../ip/altera/sopc_builder_ip/altera_avalon_pio/generate_rtl.pl --name=nios_data --dir=C:/Users/HIGORV~1/AppData/Local/Temp/alt7750_7724645787267156539.dir/0004_data_gen/ --quartus_dir=C:/altera/13.0sp1/quartus --verilog --config=C:/Users/HIGORV~1/AppData/Local/Temp/alt7750_7724645787267156539.dir/0004_data_gen//nios_data_component_configuration.pl  --do_build_sim=0  ]
Info: data: Done RTL generation for module 'nios_data'
Info: data: "nios" instantiated altera_avalon_pio "data"
Info: wraddress: Starting RTL generation for module 'nios_wraddress'
Info: wraddress:   Generation command is [exec C:/altera/13.0sp1/quartus/bin/perl/bin/perl.exe -I C:/altera/13.0sp1/quartus/common/ip/altera/common/perl/5.8.3 -I C:/altera/13.0sp1/quartus/sopc_builder/bin/europa -I C:/altera/13.0sp1/quartus/sopc_builder/bin/perl_lib -I C:/altera/13.0sp1/quartus/sopc_builder/bin -I C:/altera/13.0sp1/quartus/../ip/altera/sopc_builder_ip/common -I C:/altera/13.0sp1/quartus/../ip/altera/sopc_builder_ip/altera_avalon_pio -- C:/altera/13.0sp1/quartus/../ip/altera/sopc_builder_ip/altera_avalon_pio/generate_rtl.pl --name=nios_wraddress --dir=C:/Users/HIGORV~1/AppData/Local/Temp/alt7750_7724645787267156539.dir/0005_wraddress_gen/ --quartus_dir=C:/altera/13.0sp1/quartus --verilog --config=C:/Users/HIGORV~1/AppData/Local/Temp/alt7750_7724645787267156539.dir/0005_wraddress_gen//nios_wraddress_component_configuration.pl  --do_build_sim=0  ]
Info: wraddress: Done RTL generation for module 'nios_wraddress'
Info: wraddress: "nios" instantiated altera_avalon_pio "wraddress"
Info: wren: Starting RTL generation for module 'nios_wren'
Info: wren:   Generation command is [exec C:/altera/13.0sp1/quartus/bin/perl/bin/perl.exe -I C:/altera/13.0sp1/quartus/common/ip/altera/common/perl/5.8.3 -I C:/altera/13.0sp1/quartus/sopc_builder/bin/europa -I C:/altera/13.0sp1/quartus/sopc_builder/bin/perl_lib -I C:/altera/13.0sp1/quartus/sopc_builder/bin -I C:/altera/13.0sp1/quartus/../ip/altera/sopc_builder_ip/common -I C:/altera/13.0sp1/quartus/../ip/altera/sopc_builder_ip/altera_avalon_pio -- C:/altera/13.0sp1/quartus/../ip/altera/sopc_builder_ip/altera_avalon_pio/generate_rtl.pl --name=nios_wren --dir=C:/Users/HIGORV~1/AppData/Local/Temp/alt7750_7724645787267156539.dir/0006_wren_gen/ --quartus_dir=C:/altera/13.0sp1/quartus --verilog --config=C:/Users/HIGORV~1/AppData/Local/Temp/alt7750_7724645787267156539.dir/0006_wren_gen//nios_wren_component_configuration.pl  --do_build_sim=0  ]
Info: wren: Done RTL generation for module 'nios_wren'
Info: wren: "nios" instantiated altera_avalon_pio "wren"
Info: q_in: Starting RTL generation for module 'nios_q_in'
Info: q_in:   Generation command is [exec C:/altera/13.0sp1/quartus/bin/perl/bin/perl.exe -I C:/altera/13.0sp1/quartus/common/ip/altera/common/perl/5.8.3 -I C:/altera/13.0sp1/quartus/sopc_builder/bin/europa -I C:/altera/13.0sp1/quartus/sopc_builder/bin/perl_lib -I C:/altera/13.0sp1/quartus/sopc_builder/bin -I C:/altera/13.0sp1/quartus/../ip/altera/sopc_builder_ip/common -I C:/altera/13.0sp1/quartus/../ip/altera/sopc_builder_ip/altera_avalon_pio -- C:/altera/13.0sp1/quartus/../ip/altera/sopc_builder_ip/altera_avalon_pio/generate_rtl.pl --name=nios_q_in --dir=C:/Users/HIGORV~1/AppData/Local/Temp/alt7750_7724645787267156539.dir/0007_q_in_gen/ --quartus_dir=C:/altera/13.0sp1/quartus --verilog --config=C:/Users/HIGORV~1/AppData/Local/Temp/alt7750_7724645787267156539.dir/0007_q_in_gen//nios_q_in_component_configuration.pl  --do_build_sim=0  ]
Info: q_in: Done RTL generation for module 'nios_q_in'
Info: q_in: "nios" instantiated altera_avalon_pio "q_in"
Info: nios2_qsys_0_instruction_master_translator: "nios" instantiated altera_merlin_master_translator "nios2_qsys_0_instruction_master_translator"
Info: nios2_qsys_0_jtag_debug_module_translator: "nios" instantiated altera_merlin_slave_translator "nios2_qsys_0_jtag_debug_module_translator"
Info: nios2_qsys_0_instruction_master_translator_avalon_universal_master_0_agent: "nios" instantiated altera_merlin_master_agent "nios2_qsys_0_instruction_master_translator_avalon_universal_master_0_agent"
Info: nios2_qsys_0_jtag_debug_module_translator_avalon_universal_slave_0_agent: "nios" instantiated altera_merlin_slave_agent "nios2_qsys_0_jtag_debug_module_translator_avalon_universal_slave_0_agent"
Info: nios2_qsys_0_jtag_debug_module_translator_avalon_universal_slave_0_agent_rsp_fifo: "nios" instantiated altera_avalon_sc_fifo "nios2_qsys_0_jtag_debug_module_translator_avalon_universal_slave_0_agent_rsp_fifo"
Info: addr_router: "nios" instantiated altera_merlin_router "addr_router"
Info: id_router: "nios" instantiated altera_merlin_router "id_router"
Info: rst_controller: "nios" instantiated altera_reset_controller "rst_controller"
Info: cmd_xbar_demux: "nios" instantiated altera_merlin_demultiplexer "cmd_xbar_demux"
Info: cmd_xbar_mux: "nios" instantiated altera_merlin_multiplexer "cmd_xbar_mux"
Info: rsp_xbar_demux: "nios" instantiated altera_merlin_demultiplexer "rsp_xbar_demux"
Info: rsp_xbar_mux: "nios" instantiated altera_merlin_multiplexer "rsp_xbar_mux"
Info: Reusing file C:/altera/13.0sp1/PBLV1000/nios/synthesis/submodules/altera_merlin_arbitrator.sv
Info: irq_mapper: "nios" instantiated altera_irq_mapper "irq_mapper"
Info: nios: Done nios" with 21 modules, 151 files, 2808049 bytes
Info: ip-generate succeeded.
Info: Finished: Create HDL design files for synthesis
