Flow report for PBL3
Wed Aug 08 15:20:43 2018
Quartus II 64-Bit Version 13.0.1 Build 232 06/12/2013 Service Pack 1 SJ Web Edition


---------------------
; Table of Contents ;
---------------------
  1. Legal Notice
  2. Flow Summary
  3. Flow Settings
  4. Flow Non-Default Global Settings
  5. Flow Elapsed Time
  6. Flow OS Summary
  7. Flow Log
  8. Flow Messages
  9. Flow Suppressed Messages



----------------
; Legal Notice ;
----------------
Copyright (C) 1991-2013 Altera Corporation
Your use of Altera Corporation's design tools, logic functions 
and other software and tools, and its AMPP partner logic 
functions, and any output files from any of the foregoing 
(including device programming or simulation files), and any 
associated documentation or information are expressly subject 
to the terms and conditions of the Altera Program License 
Subscription Agreement, Altera MegaCore Function License 
Agreement, or other applicable license agreement, including, 
without limitation, that your use is for the sole purpose of 
programming logic devices manufactured by Altera and sold by 
Altera or its authorized distributors.  Please refer to the 
applicable agreement for further details.



+--------------------------------------------------------------------------------------+
; Flow Summary                                                                         ;
+------------------------------------+-------------------------------------------------+
; Flow Status                        ; Successful - Wed Aug 08 15:20:43 2018           ;
; Quartus II 64-Bit Version          ; 13.0.1 Build 232 06/12/2013 SP 1 SJ Web Edition ;
; Revision Name                      ; PBL3                                            ;
; Top-level Entity Name              ; PBL3V2                                          ;
; Family                             ; Cyclone IV E                                    ;
; Device                             ; EP4CE30F23C7                                    ;
; Timing Models                      ; Final                                           ;
; Total logic elements               ; 384 / 28,848 ( 1 % )                            ;
;     Total combinational functions  ; 379 / 28,848 ( 1 % )                            ;
;     Dedicated logic registers      ; 155 / 28,848 ( < 1 % )                          ;
; Total registers                    ; 155                                             ;
; Total pins                         ; 38 / 329 ( 12 % )                               ;
; Total virtual pins                 ; 0                                               ;
; Total memory bits                  ; 36,864 / 608,256 ( 6 % )                        ;
; Embedded Multiplier 9-bit elements ; 0 / 132 ( 0 % )                                 ;
; Total PLLs                         ; 0 / 4 ( 0 % )                                   ;
+------------------------------------+-------------------------------------------------+


+-----------------------------------------+
; Flow Settings                           ;
+-------------------+---------------------+
; Option            ; Setting             ;
+-------------------+---------------------+
; Start date & time ; 08/08/2018 15:20:16 ;
; Main task         ; Compilation         ;
; Revision Name     ; PBL3                ;
+-------------------+---------------------+


+-----------------------------------------------------------------------------------------------------------------------------------------------------------------+
; Flow Non-Default Global Settings                                                                                                                                ;
+-------------------------------------+--------------------------------------------------------+---------------+---------------------------------+----------------+
; Assignment Name                     ; Value                                                  ; Default Value ; Entity Name                     ; Section Id     ;
+-------------------------------------+--------------------------------------------------------+---------------+---------------------------------+----------------+
; COMPILER_SIGNATURE_ID               ; 167690714174214.153375241610272                        ; --            ; --                              ; --             ;
; EDA_OUTPUT_DATA_FORMAT              ; Verilog Hdl                                            ; --            ; --                              ; eda_simulation ;
; EDA_SIMULATION_TOOL                 ; ModelSim-Altera (Verilog)                              ; <None>        ; --                              ; --             ;
; EDA_TIME_SCALE                      ; 1 ps                                                   ; --            ; --                              ; eda_simulation ;
; IP_TOOL_ENV                         ; Qsys                                                   ; --            ; altera_avalon_sc_fifo           ; --             ;
; IP_TOOL_ENV                         ; Qsys                                                   ; --            ; altera_merlin_master_agent      ; --             ;
; IP_TOOL_ENV                         ; Qsys                                                   ; --            ; altera_merlin_master_translator ; --             ;
; IP_TOOL_ENV                         ; Qsys                                                   ; --            ; altera_merlin_slave_agent       ; --             ;
; IP_TOOL_ENV                         ; Qsys                                                   ; --            ; altera_merlin_slave_translator  ; --             ;
; IP_TOOL_ENV                         ; Qsys                                                   ; --            ; altera_reset_controller         ; --             ;
; IP_TOOL_ENV                         ; Qsys                                                   ; --            ; nios                            ; --             ;
; IP_TOOL_ENV                         ; Qsys                                                   ; --            ; nios_addr_router                ; --             ;
; IP_TOOL_ENV                         ; Qsys                                                   ; --            ; nios_cmd_xbar_demux             ; --             ;
; IP_TOOL_ENV                         ; Qsys                                                   ; --            ; nios_cmd_xbar_mux               ; --             ;
; IP_TOOL_ENV                         ; Qsys                                                   ; --            ; nios_data                       ; --             ;
; IP_TOOL_ENV                         ; Qsys                                                   ; --            ; nios_id_router                  ; --             ;
; IP_TOOL_ENV                         ; Qsys                                                   ; --            ; nios_irq_mapper                 ; --             ;
; IP_TOOL_ENV                         ; Qsys                                                   ; --            ; nios_jtag_uart_0                ; --             ;
; IP_TOOL_ENV                         ; Qsys                                                   ; --            ; nios_nios2_qsys_0               ; --             ;
; IP_TOOL_ENV                         ; Qsys                                                   ; --            ; nios_onchip_memory2_0           ; --             ;
; IP_TOOL_ENV                         ; Qsys                                                   ; --            ; nios_q_in                       ; --             ;
; IP_TOOL_ENV                         ; Qsys                                                   ; --            ; nios_rsp_xbar_demux             ; --             ;
; IP_TOOL_ENV                         ; Qsys                                                   ; --            ; nios_rsp_xbar_mux               ; --             ;
; IP_TOOL_ENV                         ; Qsys                                                   ; --            ; nios_wraddress                  ; --             ;
; IP_TOOL_ENV                         ; Qsys                                                   ; --            ; nios_wren                       ; --             ;
; IP_TOOL_NAME                        ; RAM: 2-PORT                                            ; --            ; --                              ; --             ;
; IP_TOOL_NAME                        ; RAM: 2-PORT                                            ; --            ; --                              ; --             ;
; IP_TOOL_NAME                        ; RAM: 2-PORT                                            ; --            ; --                              ; --             ;
; IP_TOOL_NAME                        ; altera_avalon_sc_fifo                                  ; --            ; altera_avalon_sc_fifo           ; --             ;
; IP_TOOL_NAME                        ; altera_merlin_master_agent                             ; --            ; altera_merlin_master_agent      ; --             ;
; IP_TOOL_NAME                        ; altera_merlin_master_translator                        ; --            ; altera_merlin_master_translator ; --             ;
; IP_TOOL_NAME                        ; altera_merlin_slave_agent                              ; --            ; altera_merlin_slave_agent       ; --             ;
; IP_TOOL_NAME                        ; altera_merlin_slave_translator                         ; --            ; altera_merlin_slave_translator  ; --             ;
; IP_TOOL_NAME                        ; altera_reset_controller                                ; --            ; altera_reset_controller         ; --             ;
; IP_TOOL_NAME                        ; Qsys                                                   ; --            ; nios                            ; --             ;
; IP_TOOL_NAME                        ; altera_merlin_router                                   ; --            ; nios_addr_router                ; --             ;
; IP_TOOL_NAME                        ; altera_merlin_demultiplexer                            ; --            ; nios_cmd_xbar_demux             ; --             ;
; IP_TOOL_NAME                        ; altera_merlin_multiplexer                              ; --            ; nios_cmd_xbar_mux               ; --             ;
; IP_TOOL_NAME                        ; altera_avalon_pio                                      ; --            ; nios_data                       ; --             ;
; IP_TOOL_NAME                        ; altera_merlin_router                                   ; --            ; nios_id_router                  ; --             ;
; IP_TOOL_NAME                        ; altera_irq_mapper                                      ; --            ; nios_irq_mapper                 ; --             ;
; IP_TOOL_NAME                        ; altera_avalon_jtag_uart                                ; --            ; nios_jtag_uart_0                ; --             ;
; IP_TOOL_NAME                        ; altera_nios2_qsys                                      ; --            ; nios_nios2_qsys_0               ; --             ;
; IP_TOOL_NAME                        ; altera_avalon_onchip_memory2                           ; --            ; nios_onchip_memory2_0           ; --             ;
; IP_TOOL_NAME                        ; altera_avalon_pio                                      ; --            ; nios_q_in                       ; --             ;
; IP_TOOL_NAME                        ; altera_merlin_demultiplexer                            ; --            ; nios_rsp_xbar_demux             ; --             ;
; IP_TOOL_NAME                        ; altera_merlin_multiplexer                              ; --            ; nios_rsp_xbar_mux               ; --             ;
; IP_TOOL_NAME                        ; altera_avalon_pio                                      ; --            ; nios_wraddress                  ; --             ;
; IP_TOOL_NAME                        ; altera_avalon_pio                                      ; --            ; nios_wren                       ; --             ;
; IP_TOOL_VERSION                     ; 13.0                                                   ; --            ; --                              ; --             ;
; IP_TOOL_VERSION                     ; 13.0                                                   ; --            ; --                              ; --             ;
; IP_TOOL_VERSION                     ; 13.0                                                   ; --            ; --                              ; --             ;
; IP_TOOL_VERSION                     ; 13.0                                                   ; --            ; altera_avalon_sc_fifo           ; --             ;
; IP_TOOL_VERSION                     ; 13.0                                                   ; --            ; altera_merlin_master_agent      ; --             ;
; IP_TOOL_VERSION                     ; 13.0                                                   ; --            ; altera_merlin_master_translator ; --             ;
; IP_TOOL_VERSION                     ; 13.0                                                   ; --            ; altera_merlin_slave_agent       ; --             ;
; IP_TOOL_VERSION                     ; 13.0                                                   ; --            ; altera_merlin_slave_translator  ; --             ;
; IP_TOOL_VERSION                     ; 13.0                                                   ; --            ; altera_reset_controller         ; --             ;
; IP_TOOL_VERSION                     ; 13.0sp1                                                ; --            ; nios                            ; --             ;
; IP_TOOL_VERSION                     ; 13.0                                                   ; --            ; nios_addr_router                ; --             ;
; IP_TOOL_VERSION                     ; 13.0                                                   ; --            ; nios_cmd_xbar_demux             ; --             ;
; IP_TOOL_VERSION                     ; 13.0                                                   ; --            ; nios_cmd_xbar_mux               ; --             ;
; IP_TOOL_VERSION                     ; 13.0.1.99.2                                            ; --            ; nios_data                       ; --             ;
; IP_TOOL_VERSION                     ; 13.0                                                   ; --            ; nios_id_router                  ; --             ;
; IP_TOOL_VERSION                     ; 13.0                                                   ; --            ; nios_irq_mapper                 ; --             ;
; IP_TOOL_VERSION                     ; 13.0.1.99.2                                            ; --            ; nios_jtag_uart_0                ; --             ;
; IP_TOOL_VERSION                     ; 13.0                                                   ; --            ; nios_nios2_qsys_0               ; --             ;
; IP_TOOL_VERSION                     ; 13.0.1.99.2                                            ; --            ; nios_onchip_memory2_0           ; --             ;
; IP_TOOL_VERSION                     ; 13.0.1.99.2                                            ; --            ; nios_q_in                       ; --             ;
; IP_TOOL_VERSION                     ; 13.0                                                   ; --            ; nios_rsp_xbar_demux             ; --             ;
; IP_TOOL_VERSION                     ; 13.0                                                   ; --            ; nios_rsp_xbar_mux               ; --             ;
; IP_TOOL_VERSION                     ; 13.0.1.99.2                                            ; --            ; nios_wraddress                  ; --             ;
; IP_TOOL_VERSION                     ; 13.0.1.99.2                                            ; --            ; nios_wren                       ; --             ;
; MAX_CORE_JUNCTION_TEMP              ; 85                                                     ; --            ; --                              ; --             ;
; MIN_CORE_JUNCTION_TEMP              ; 0                                                      ; --            ; --                              ; --             ;
; MISC_FILE                           ; nios/synthesis/../../nios.cmp                          ; --            ; --                              ; --             ;
; MISC_FILE                           ; nios/synthesis/../../nios.qsys                         ; --            ; --                              ; --             ;
; MISC_FILE                           ; ram2port.bsf                                           ; --            ; --                              ; --             ;
; MISC_FILE                           ; ram2port_bb.v                                          ; --            ; --                              ; --             ;
; MISC_FILE                           ; memoria_coprocess.bsf                                  ; --            ; --                              ; --             ;
; MISC_FILE                           ; memoria_coprocess_bb.v                                 ; --            ; --                              ; --             ;
; MISC_FILE                           ; memoria_compatilhada.bsf                               ; --            ; --                              ; --             ;
; MISC_FILE                           ; memoria_compatilhada_bb.v                              ; --            ; --                              ; --             ;
; PARTITION_COLOR                     ; 16764057                                               ; --            ; PBL3V2                          ; Top            ;
; PARTITION_FITTER_PRESERVATION_LEVEL ; PLACEMENT_AND_ROUTING                                  ; --            ; PBL3V2                          ; Top            ;
; PARTITION_NETLIST_TYPE              ; SOURCE                                                 ; --            ; PBL3V2                          ; Top            ;
; PROJECT_OUTPUT_DIRECTORY            ; output_files                                           ; --            ; --                              ; --             ;
; SLD_INFO                            ; QSYS_NAME nios HAS_SOPCINFO 1 GENERATION_ID 1533683549 ; --            ; nios                            ; --             ;
; SOPCINFO_FILE                       ; nios/synthesis/../../nios.sopcinfo                     ; --            ; --                              ; --             ;
; SYNTHESIS_ONLY_QIP                  ; On                                                     ; --            ; --                              ; --             ;
; TOP_LEVEL_ENTITY                    ; PBL3V2                                                 ; PBL3          ; --                              ; --             ;
+-------------------------------------+--------------------------------------------------------+---------------+---------------------------------+----------------+


+-------------------------------------------------------------------------------------------------------------------------------+
; Flow Elapsed Time                                                                                                             ;
+---------------------------+--------------+-------------------------+---------------------+------------------------------------+
; Module Name               ; Elapsed Time ; Average Processors Used ; Peak Virtual Memory ; Total CPU Time (on all processors) ;
+---------------------------+--------------+-------------------------+---------------------+------------------------------------+
; Analysis & Synthesis      ; 00:00:03     ; 1.0                     ; 4634 MB             ; 00:00:03                           ;
; Fitter                    ; 00:00:12     ; 1.0                     ; 5009 MB             ; 00:00:12                           ;
; Assembler                 ; 00:00:02     ; 1.0                     ; 4572 MB             ; 00:00:02                           ;
; TimeQuest Timing Analyzer ; 00:00:05     ; 1.0                     ; 4654 MB             ; 00:00:03                           ;
; EDA Netlist Writer        ; 00:00:01     ; 1.0                     ; 4537 MB             ; 00:00:01                           ;
; Total                     ; 00:00:23     ; --                      ; --                  ; 00:00:21                           ;
+---------------------------+--------------+-------------------------+---------------------+------------------------------------+


+----------------------------------------------------------------------------------------+
; Flow OS Summary                                                                        ;
+---------------------------+------------------+-----------+------------+----------------+
; Module Name               ; Machine Hostname ; OS Name   ; OS Version ; Processor type ;
+---------------------------+------------------+-----------+------------+----------------+
; Analysis & Synthesis      ; LAPTOP-3LPS9SO8  ; Windows 7 ; 6.2        ; x86_64         ;
; Fitter                    ; LAPTOP-3LPS9SO8  ; Windows 7 ; 6.2        ; x86_64         ;
; Assembler                 ; LAPTOP-3LPS9SO8  ; Windows 7 ; 6.2        ; x86_64         ;
; TimeQuest Timing Analyzer ; LAPTOP-3LPS9SO8  ; Windows 7 ; 6.2        ; x86_64         ;
; EDA Netlist Writer        ; LAPTOP-3LPS9SO8  ; Windows 7 ; 6.2        ; x86_64         ;
+---------------------------+------------------+-----------+------------+----------------+


------------
; Flow Log ;
------------
quartus_map --read_settings_files=on --write_settings_files=off PBL3 -c PBL3
quartus_fit --read_settings_files=off --write_settings_files=off PBL3 -c PBL3
quartus_asm --read_settings_files=off --write_settings_files=off PBL3 -c PBL3
quartus_sta PBL3 -c PBL3
quartus_eda --read_settings_files=off --write_settings_files=off PBL3 -c PBL3



